Arguments: 
  D:\Program Files\nodejs\node.exe C:\Program Files (x86)\Yarn\bin\yarn.js publish

PATH: 
  C:\Program Files\Git\mingw64\bin;C:\Program Files\Git\usr\bin;C:\Users\gaozijian\bin;C:\Users\gaozijian\bin;C:\Program Files\Git\mingw64\bin;C:\Program Files\Git\usr\local\bin;C:\Program Files\Git\usr\bin;C:\Program Files\Git\usr\bin;C:\Program Files\Git\mingw64\bin;C:\Program Files\Git\usr\bin;C:\Users\gaozijian\bin;C:\Perl64\site\bin;C:\Perl64\bin;C:\Program Files (x86)\Common Files\Oracle\Java\javapath;C:\WINDOWS\system32;C:\WINDOWS;C:\WINDOWS\System32\Wbem;C:\WINDOWS\System32\WindowsPowerShell\v1.0;C:\WINDOWS\System32\OpenSSH;C:\Program Files\dotnet;C:\Program Files\Git\cmd;C:\ProgramData\chocolatey\bin;C:\Program Files (x86)\Yarn\bin;D:\PostgreSQL\pg10\bin;C:\Program Files\Microsoft VS Code\bin;D:\Program Files\Calibre2;C:\Program Files\Common Files\Autodesk Shared;C:\Users\gaozijian\AppData\Roaming\nvm;D:\Program Files\nodejs;E:\pathbin;E:\Program Files (x86)\Brackets\command;D:\Program Files (x86)\sbt\bin;C:\Users\gaozijian\.windows-build-tools\python27;C:\Users\gaozijian\scoop\shims;C:\Users\gaozijian\.cargo\bin;D:\MiniConda3;D:\MiniConda3\Library\mingw-w64\bin;D:\MiniConda3\Library\usr\bin;D:\MiniConda3\Library\bin;D:\MiniConda3\Scripts;C:\Users\gaozijian\AppData\Local\Microsoft\WindowsApps;C:\Program Files\Microsoft VS Code\bin;C:\Users\gaozijian\AppData\Roaming\npm;C:\Users\gaozijian\AppData\Local\Yarn\bin;D:\Program Files\Java\jdk-10.0.1\bin;C:\Users\gaozijian\.dotnet\tools;C:\Users\gaozijian\AppData\Roaming\nvm;D:\Program Files\nodejs;C:\Users\gaozijian\AppData\Local\Microsoft\WindowsApps;C:\Users\gaozijian\AppData\Local\Yarn\bin;C:\Users\gaozijian\.dotnet\tools;D:\Program Files\JetBrains\WebStorm 2020.2.3\bin;C:\Program Files\Git\usr\bin\vendor_perl;C:\Program Files\Git\usr\bin\core_perl

Yarn version: 
  1.6.0

Node version: 
  14.13.0

Platform: 
  win32 x64

Trace: 
  Error: canceled
      at Interface.<anonymous> (C:\Program Files (x86)\Yarn\lib\cli.js:129516:13)
      at Interface.emit (events.js:314:20)
      at Interface._ttyWrite (readline.js:875:16)
      at ReadStream.onkeypress (readline.js:213:10)
      at ReadStream.emit (events.js:314:20)
      at emitKeys (internal/readline/utils.js:344:14)
      at emitKeys.next (<anonymous>)
      at ReadStream.onData (readline.js:1144:36)
      at ReadStream.emit (events.js:314:20)
      at addChunk (_stream_readable.js:307:12)

npm manifest: 
  {
    "name": "ts-metatype",
    "version": "0.7.1-maintain",
    "description": "define type in runtime by typescipt",
    "main": "./dist/index.js",
    "keywords": [
      "metatype",
      "meta",
      "type",
      "runtime",
      "typescript",
      "typedef",
      "运行时类型",
      "类型定义"
    ],
    "scripts": {
      "dev":"tsc -w",
      "test": "node ./dist/test.js"
    },
    "repository": {
      "type": "git",
      "url": "git+https://github.com/gmono/ts-metatype.git"
    },
    "author": "gmono",
    "license": "MIT",
    "bugs": {
      "url": "https://github.com/gmono/ts-metatype/issues"
    },
    "homepage": "https://github.com/gmono/ts-metatype#readme",
    "dependencies": {
      "ts-metacode": "^1.4.6-maintain3",
      "ts-pystyle": "^1.4.4"
    }
  }

yarn manifest: 
  No manifest

Lockfile: 
  # THIS IS AN AUTOGENERATED FILE. DO NOT EDIT THIS FILE DIRECTLY.
  # yarn lockfile v1
  
  
  clone@^2.1.2:
    version "2.1.2"
    resolved "https://registry.yarnpkg.com/clone/-/clone-2.1.2.tgz#1b7f4b9f591f1e8f83670401600345a02887435f"
    integrity sha1-G39Ln1kfHo+DZwQBYANFoCiHQ18=
  
  denque@^1.4.1:
    version "1.5.0"
    resolved "https://registry.yarnpkg.com/denque/-/denque-1.5.0.tgz#773de0686ff2d8ec2ff92914316a47b73b1c73de"
    integrity sha512-CYiCSgIF1p6EUByQPlGkKnP1M9g0ZV3qMIrqMqZqdwazygIA/YP2vrbcyl1h/WppKJTdl1F85cXIle+394iDAQ==
  
  fast-deep-equal@^3.1.3:
    version "3.1.3"
    resolved "https://registry.yarnpkg.com/fast-deep-equal/-/fast-deep-equal-3.1.3.tgz#3a7d56b559d6cbc3eb512325244e619a65c6c525"
    integrity sha512-f3qQ9oQy9j2AhBe/H9VC91wLmKBCCU/gDOnKNAYG5hswO7BLKj09Hc5HYNz9cGI++xlpDCIgDaitVs03ATR84Q==
  
  kleur@^3.0.3:
    version "3.0.3"
    resolved "https://registry.yarnpkg.com/kleur/-/kleur-3.0.3.tgz#a79c9ecc86ee1ce3fa6206d1216c501f147fc07e"
    integrity sha512-eTIzlVOSUR+JxdDFepEYcBMtZ9Qqdef+rnzWdRZuMbOywu5tO2w2N7rqjoANZ5k9vywhL6Br1VRjUIgTQx4E8w==
  
  prompts@^2.3.2:
    version "2.4.0"
    resolved "https://registry.yarnpkg.com/prompts/-/prompts-2.4.0.tgz#4aa5de0723a231d1ee9121c40fdf663df73f61d7"
    integrity sha512-awZAKrk3vN6CroQukBL+R9051a4R3zCZBlJm/HBfrSZ8iTpYix3VX1vU4mveiLpiwmOJT4wokTF9m6HUk4KqWQ==
    dependencies:
      kleur "^3.0.3"
      sisteransi "^1.0.5"
  
  sisteransi@^1.0.5:
    version "1.0.5"
    resolved "https://registry.yarnpkg.com/sisteransi/-/sisteransi-1.0.5.tgz#134d681297756437cc05ca01370d3a7a571075ed"
    integrity sha512-bLGGlR1QxBcynn2d5YmDX4MGjlZvy2MRBDRNHLJ8VI6l6+9FUiyTFNJ0IveOSP0bcXgVDPRcfGqA0pjaqUpfVg==
  
  ts-metacode@^1.4.6-maintain3:
    version "1.4.6-maintain3"
    resolved "https://registry.yarnpkg.com/ts-metacode/-/ts-metacode-1.4.6-maintain3.tgz#69468be40b6bbf8264e9111cfbe96f47bb813126"
    integrity sha512-i9FiRvk3l8phgJ3n5tIUd8c2jw/6WlUQNXbxlHBkPp6O0j6VlGxt4Io0UgdpyDSfv87Uo639ABvMtgTht1iLGA==
    dependencies:
      typescript-tuple "^4.0.0"
  
  ts-pystyle@^1.4.4:
    version "1.4.4"
    resolved "https://registry.yarnpkg.com/ts-pystyle/-/ts-pystyle-1.4.4.tgz#c4d68874f11de785a945bc93de2b97c69f205f7c"
    integrity sha512-R78ThZUN945EEIg/2qXLJ7eGHV2fdm+f9KibQnNkPTNPqDZKzsbezv9sagpmwBrdIyWkska8luQYgJROj/6SIA==
    dependencies:
      clone "^2.1.2"
      denque "^1.4.1"
      fast-deep-equal "^3.1.3"
      prompts "^2.3.2"
  
  typescript-compare@^0.0.2:
    version "0.0.2"
    resolved "https://registry.yarnpkg.com/typescript-compare/-/typescript-compare-0.0.2.tgz#7ee40a400a406c2ea0a7e551efd3309021d5f425"
    integrity sha512-8ja4j7pMHkfLJQO2/8tut7ub+J3Lw2S3061eJLFQcvs3tsmJKp8KG5NtpLn7KcY2w08edF74BSVN7qJS0U6oHA==
    dependencies:
      typescript-logic "^0.0.0"
  
  typescript-logic@^0.0.0:
    version "0.0.0"
    resolved "https://registry.yarnpkg.com/typescript-logic/-/typescript-logic-0.0.0.tgz#66ebd82a2548f2b444a43667bec120b496890196"
    integrity sha512-zXFars5LUkI3zP492ls0VskH3TtdeHCqu0i7/duGt60i5IGPIpAHE/DWo5FqJ6EjQ15YKXrt+AETjv60Dat34Q==
  
  typescript-tuple@^4.0.0:
    version "4.0.0"
    resolved "https://registry.yarnpkg.com/typescript-tuple/-/typescript-tuple-4.0.0.tgz#0cff7607698154793a67c72c0552ee7c11a733c8"
    integrity sha512-1Fty3C4uqswsBSXR/pdiBwxJCR9M7bzgEWMuzmZD9AQABLdJ76aaR2uH1VIlkTnHIG+rY97OKslroYvj6IJ49w==
    dependencies:
      typescript-compare "^0.0.2"
